[NX Daemon Server] - 2024-07-08T10:02:49.049Z - Started listening on: /var/folders/3n/n3c_8d2x3bbfdk1qvxr9plyh0000gn/T/3b298fc7a6e38722b2ab/d.sock
[NX Daemon Server] - 2024-07-08T10:02:49.051Z - [WATCHER]: Subscribed to changes within: /Users/kajendran/Documents/kajendran/auto-marketplace-client (native)
[NX Daemon Server] - 2024-07-08T10:02:49.060Z - Established a connection. Number of open connections: 1
[NX Daemon Server] - 2024-07-08T10:02:49.061Z - Established a connection. Number of open connections: 2
[NX Daemon Server] - 2024-07-08T10:02:49.062Z - Closed a connection. Number of open connections: 1
[NX Daemon Server] - 2024-07-08T10:02:49.063Z - [REQUEST]: Client Request for Project Graph Received
[NX Daemon Server] - 2024-07-08T10:02:49.227Z - [REQUEST]: Updated workspace context based on watched changes, recomputing project graph...
[NX Daemon Server] - 2024-07-08T10:02:49.227Z - [REQUEST]: 
[NX Daemon Server] - 2024-07-08T10:02:49.227Z - [REQUEST]: 
[NX Daemon Server] - 2024-07-08T10:02:49.468Z - Time taken for 'Load Nx Plugin: /Users/kajendran/Documents/kajendran/auto-marketplace-client/node_modules/.pnpm/nx@19.4.1_@swc-node+register@1.10.2_@swc+core@1.6.13/node_modules/nx/src/plugins/project-json/build-nodes/package-json-next-to-project-json' 35.263040989637375ms
[NX Daemon Server] - 2024-07-08T10:02:49.737Z - [REQUEST]: Responding to the client. project-graph
[NX Daemon Server] - 2024-07-08T10:02:49.738Z - Time taken for 'total for creating and serializing project graph' 674.1352910101414ms
[NX Daemon Server] - 2024-07-08T10:02:49.740Z - Done responding to the client project-graph
[NX Daemon Server] - 2024-07-08T10:02:49.741Z - Handled REQUEST_PROJECT_GRAPH. Handling time: 675. Response time: 4.
[NX Daemon Server] - 2024-07-08T10:02:49.744Z - [REQUEST]: Responding to the client. handleContextFileData
[NX Daemon Server] - 2024-07-08T10:02:49.744Z - Done responding to the client handleContextFileData
[NX Daemon Server] - 2024-07-08T10:02:49.744Z - Handled GET_CONTEXT_FILE_DATA. Handling time: 0. Response time: 0.
[NX Daemon Server] - 2024-07-08T10:02:49.746Z - Closed a connection. Number of open connections: 0
[NX Daemon Server] - 2024-07-08T10:02:49.751Z - Established a connection. Number of open connections: 1
[NX Daemon Server] - 2024-07-08T10:02:49.751Z - Established a connection. Number of open connections: 2
[NX Daemon Server] - 2024-07-08T10:02:49.751Z - Closed a connection. Number of open connections: 1
[NX Daemon Server] - 2024-07-08T10:02:49.752Z - [REQUEST]: Client Request for Project Graph Received
[NX Daemon Server] - 2024-07-08T10:02:49.752Z - [REQUEST]: Responding to the client. project-graph
[NX Daemon Server] - 2024-07-08T10:02:49.753Z - Time taken for 'total for creating and serializing project graph' 0.09537500143051147ms
[NX Daemon Server] - 2024-07-08T10:02:49.755Z - Done responding to the client project-graph
[NX Daemon Server] - 2024-07-08T10:02:49.755Z - Handled REQUEST_PROJECT_GRAPH. Handling time: 0. Response time: 3.
[NX Daemon Server] - 2024-07-08T10:02:49.759Z - [REQUEST]: Client Request for Project Graph Received
[NX Daemon Server] - 2024-07-08T10:02:49.759Z - [REQUEST]: Responding to the client. project-graph
[NX Daemon Server] - 2024-07-08T10:02:49.760Z - Time taken for 'total for creating and serializing project graph' 0.11208400130271912ms
[NX Daemon Server] - 2024-07-08T10:02:49.761Z - Done responding to the client project-graph
[NX Daemon Server] - 2024-07-08T10:02:49.761Z - Handled REQUEST_PROJECT_GRAPH. Handling time: 0. Response time: 2.
[NX Daemon Server] - 2024-07-08T10:02:49.764Z - Established a connection. Number of open connections: 2
[NX Daemon Server] - 2024-07-08T10:02:49.934Z - [WATCHER]: Processing file changes in outputs
[NX Daemon Server] - 2024-07-08T10:02:50.701Z - [WATCHER]: Processing file changes in outputs
[NX Daemon Server] - 2024-07-08T10:02:50.926Z - [WATCHER]: Processing file changes in outputs
[NX Daemon Server] - 2024-07-08T10:02:51.130Z - [WATCHER]: Processing file changes in outputs
[NX Daemon Server] - 2024-07-08T10:02:51.237Z - [WATCHER]: Processing file changes in outputs
[NX Daemon Server] - 2024-07-08T10:02:51.316Z - [WATCHER]: Processing file changes in outputs
[NX Daemon Server] - 2024-07-08T10:02:51.490Z - [WATCHER]: Processing file changes in outputs
[NX Daemon Server] - 2024-07-08T10:02:51.670Z - [WATCHER]: Processing file changes in outputs
[NX Daemon Server] - 2024-07-08T10:02:51.882Z - [WATCHER]: Processing file changes in outputs
[NX Daemon Server] - 2024-07-08T10:02:52.364Z - [WATCHER]: Processing file changes in outputs
[NX Daemon Server] - 2024-07-08T10:02:52.417Z - [WATCHER]: Processing file changes in outputs
[NX Daemon Server] - 2024-07-08T10:02:52.510Z - [WATCHER]: Processing file changes in outputs
[NX Daemon Server] - 2024-07-08T10:02:52.715Z - [WATCHER]: Processing file changes in outputs
[NX Daemon Server] - 2024-07-08T10:02:52.901Z - [WATCHER]: Processing file changes in outputs
[NX Daemon Server] - 2024-07-08T10:02:53.080Z - [WATCHER]: Processing file changes in outputs
[NX Daemon Server] - 2024-07-08T10:02:53.257Z - [WATCHER]: Processing file changes in outputs
[NX Daemon Server] - 2024-07-08T10:02:53.447Z - [WATCHER]: Processing file changes in outputs
[NX Daemon Server] - 2024-07-08T10:02:53.618Z - [WATCHER]: Processing file changes in outputs
[NX Daemon Server] - 2024-07-08T10:03:15.608Z - [WATCHER]: 0 file(s) created or restored, 4 file(s) modified, 0 file(s) deleted
[NX Daemon Server] - 2024-07-08T10:03:15.609Z - [REQUEST]: Responding to the client. File watch changed
[NX Daemon Server] - 2024-07-08T10:03:15.609Z - Done responding to the client File watch changed
[NX Daemon Server] - 2024-07-08T10:03:15.609Z - Handled FILE-WATCH-CHANGED. Handling time: 0. Response time: 0.
[NX Daemon Server] - 2024-07-08T10:03:15.609Z - [WATCHER]: Processing file changes in outputs
[NX Daemon Server] - 2024-07-08T10:03:15.609Z - Time taken for 'changed-projects' 0.31941601634025574ms
[NX Daemon Server] - 2024-07-08T10:03:15.711Z - [REQUEST]: Updated workspace context based on watched changes, recomputing project graph...
[NX Daemon Server] - 2024-07-08T10:03:15.711Z - [REQUEST]: apps/api-service/project.json,apps/subscriptions-job/project.json,apps/expire-listings-job/project.json,nx.json
[NX Daemon Server] - 2024-07-08T10:03:15.711Z - [REQUEST]: 
[NX Daemon Server] - 2024-07-08T10:03:15.730Z - Time taken for 'hash changed files from watcher' 0.48583298921585083ms
[NX Daemon Server] - 2024-07-08T10:03:15.824Z - [WATCHER]: 0 file(s) created or restored, 2 file(s) modified, 0 file(s) deleted
[NX Daemon Server] - 2024-07-08T10:03:15.824Z - [REQUEST]: Responding to the client. File watch changed
[NX Daemon Server] - 2024-07-08T10:03:15.824Z - Done responding to the client File watch changed
[NX Daemon Server] - 2024-07-08T10:03:15.824Z - Handled FILE-WATCH-CHANGED. Handling time: 0. Response time: 0.
[NX Daemon Server] - 2024-07-08T10:03:15.824Z - [WATCHER]: Processing file changes in outputs
[NX Daemon Server] - 2024-07-08T10:03:15.824Z - Time taken for 'build-project-configs' 19.5533330142498ms
[NX Daemon Server] - 2024-07-08T10:03:16.026Z - [REQUEST]: Updated workspace context based on watched changes, recomputing project graph...
[NX Daemon Server] - 2024-07-08T10:03:16.026Z - [REQUEST]: package.json,nx.json
[NX Daemon Server] - 2024-07-08T10:03:16.026Z - [REQUEST]: 
[NX Daemon Server] - 2024-07-08T10:03:16.042Z - Time taken for 'hash changed files from watcher' 0.5890829861164093ms
[NX Daemon Server] - 2024-07-08T10:03:16.060Z - Time taken for 'build-project-configs' 16.52962499856949ms
[NX Daemon Server] - 2024-07-08T10:03:16.829Z - [REQUEST]: Client Request for Project Graph Received
[NX Daemon Server] - 2024-07-08T10:03:16.829Z - [REQUEST]: Responding to the client. project-graph
[NX Daemon Server] - 2024-07-08T10:03:16.833Z - Time taken for 'total for creating and serializing project graph' 0.49216699600219727ms
[NX Daemon Server] - 2024-07-08T10:03:16.836Z - Done responding to the client project-graph
[NX Daemon Server] - 2024-07-08T10:03:16.836Z - Handled REQUEST_PROJECT_GRAPH. Handling time: 0. Response time: 7.
[NX Daemon Server] - 2024-07-08T10:03:16.842Z - [REQUEST]: Responding to the client. handleContextFileData
[NX Daemon Server] - 2024-07-08T10:03:16.842Z - Done responding to the client handleContextFileData
[NX Daemon Server] - 2024-07-08T10:03:16.842Z - Handled GET_CONTEXT_FILE_DATA. Handling time: 0. Response time: 0.
[NX Daemon Server] - 2024-07-08T10:03:16.843Z - Closed a connection. Number of open connections: 1
[NX Daemon Server] - 2024-07-08T10:03:16.846Z - Closed a connection. Number of open connections: 0
[NX Daemon Server] - 2024-07-08T10:03:16.846Z - Established a connection. Number of open connections: 1
[NX Daemon Server] - 2024-07-08T10:03:16.846Z - Established a connection. Number of open connections: 2
[NX Daemon Server] - 2024-07-08T10:03:16.846Z - Closed a connection. Number of open connections: 1
[NX Daemon Server] - 2024-07-08T10:03:16.847Z - [REQUEST]: Client Request for Project Graph Received
[NX Daemon Server] - 2024-07-08T10:03:16.847Z - [REQUEST]: Responding to the client. project-graph
[NX Daemon Server] - 2024-07-08T10:03:16.848Z - Time taken for 'total for creating and serializing project graph' 0.15904200077056885ms
[NX Daemon Server] - 2024-07-08T10:03:16.849Z - Done responding to the client project-graph
[NX Daemon Server] - 2024-07-08T10:03:16.849Z - Handled REQUEST_PROJECT_GRAPH. Handling time: 0. Response time: 2.
[NX Daemon Server] - 2024-07-08T10:03:16.852Z - [REQUEST]: Client Request for Project Graph Received
[NX Daemon Server] - 2024-07-08T10:03:16.852Z - [REQUEST]: Responding to the client. project-graph
[NX Daemon Server] - 2024-07-08T10:03:16.854Z - Time taken for 'total for creating and serializing project graph' 0.1459999978542328ms
[NX Daemon Server] - 2024-07-08T10:03:16.855Z - Done responding to the client project-graph
[NX Daemon Server] - 2024-07-08T10:03:16.855Z - Handled REQUEST_PROJECT_GRAPH. Handling time: 0. Response time: 3.
[NX Daemon Server] - 2024-07-08T10:03:16.857Z - Established a connection. Number of open connections: 2
[NX Daemon Server] - 2024-07-08T10:03:25.908Z - [WATCHER]: nx.json was created or restored
[NX Daemon Server] - 2024-07-08T10:03:25.908Z - [WATCHER]: Processing file changes in outputs
[NX Daemon Server] - 2024-07-08T10:03:26.010Z - [REQUEST]: Updated workspace context based on watched changes, recomputing project graph...
[NX Daemon Server] - 2024-07-08T10:03:26.010Z - [REQUEST]: nx.json
[NX Daemon Server] - 2024-07-08T10:03:26.010Z - [REQUEST]: 
[NX Daemon Server] - 2024-07-08T10:03:26.025Z - Time taken for 'hash changed files from watcher' 0.3777499794960022ms
[NX Daemon Server] - 2024-07-08T10:03:26.044Z - [REQUEST]: Responding to the client. File watch changed
[NX Daemon Server] - 2024-07-08T10:03:26.044Z - Done responding to the client File watch changed
[NX Daemon Server] - 2024-07-08T10:03:26.044Z - Handled FILE-WATCH-CHANGED. Handling time: 0. Response time: 0.
[NX Daemon Server] - 2024-07-08T10:03:26.044Z - Time taken for 'build-project-configs' 15.620540976524353ms
[NX Daemon Server] - 2024-07-08T10:03:27.049Z - [REQUEST]: Client Request for Project Graph Received
[NX Daemon Server] - 2024-07-08T10:03:27.049Z - [REQUEST]: Responding to the client. project-graph
[NX Daemon Server] - 2024-07-08T10:03:27.052Z - Time taken for 'total for creating and serializing project graph' 0.20520800352096558ms
[NX Daemon Server] - 2024-07-08T10:03:27.072Z - Done responding to the client project-graph
[NX Daemon Server] - 2024-07-08T10:03:27.072Z - Handled REQUEST_PROJECT_GRAPH. Handling time: 0. Response time: 23.
[NX Daemon Server] - 2024-07-08T10:03:27.077Z - [REQUEST]: Responding to the client. handleContextFileData
[NX Daemon Server] - 2024-07-08T10:03:27.077Z - Done responding to the client handleContextFileData
[NX Daemon Server] - 2024-07-08T10:03:27.077Z - Handled GET_CONTEXT_FILE_DATA. Handling time: 1. Response time: 0.
[NX Daemon Server] - 2024-07-08T10:03:27.078Z - Closed a connection. Number of open connections: 1
[NX Daemon Server] - 2024-07-08T10:03:27.084Z - Closed a connection. Number of open connections: 0
[NX Daemon Server] - 2024-07-08T10:03:27.084Z - Established a connection. Number of open connections: 1
[NX Daemon Server] - 2024-07-08T10:03:27.085Z - Established a connection. Number of open connections: 2
[NX Daemon Server] - 2024-07-08T10:03:27.085Z - Closed a connection. Number of open connections: 1
[NX Daemon Server] - 2024-07-08T10:03:27.085Z - [REQUEST]: Client Request for Project Graph Received
[NX Daemon Server] - 2024-07-08T10:03:27.085Z - [REQUEST]: Responding to the client. project-graph
[NX Daemon Server] - 2024-07-08T10:03:27.086Z - Time taken for 'total for creating and serializing project graph' 0.109375ms
[NX Daemon Server] - 2024-07-08T10:03:27.090Z - Done responding to the client project-graph
[NX Daemon Server] - 2024-07-08T10:03:27.090Z - Handled REQUEST_PROJECT_GRAPH. Handling time: 0. Response time: 5.
[NX Daemon Server] - 2024-07-08T10:03:27.093Z - [REQUEST]: Client Request for Project Graph Received
[NX Daemon Server] - 2024-07-08T10:03:27.093Z - [REQUEST]: Responding to the client. project-graph
[NX Daemon Server] - 2024-07-08T10:03:27.095Z - Time taken for 'total for creating and serializing project graph' 0.1364160180091858ms
[NX Daemon Server] - 2024-07-08T10:03:27.098Z - Done responding to the client project-graph
[NX Daemon Server] - 2024-07-08T10:03:27.098Z - Handled REQUEST_PROJECT_GRAPH. Handling time: 0. Response time: 5.
[NX Daemon Server] - 2024-07-08T10:03:27.101Z - Established a connection. Number of open connections: 2
[NX Daemon Server] - 2024-07-08T10:03:33.873Z - [WATCHER]: Processing file changes in outputs
[NX Daemon Server] - 2024-07-08T10:03:33.875Z - [WATCHER]: package.json was created or restored
[NX Daemon Server] - 2024-07-08T10:03:33.977Z - [REQUEST]: Updated workspace context based on watched changes, recomputing project graph...
[NX Daemon Server] - 2024-07-08T10:03:33.977Z - [REQUEST]: package.json
[NX Daemon Server] - 2024-07-08T10:03:33.977Z - [REQUEST]: 
[NX Daemon Server] - 2024-07-08T10:03:33.990Z - Time taken for 'hash changed files from watcher' 0.3664170205593109ms
[NX Daemon Server] - 2024-07-08T10:03:34.010Z - [REQUEST]: Responding to the client. File watch changed
[NX Daemon Server] - 2024-07-08T10:03:34.010Z - Done responding to the client File watch changed
[NX Daemon Server] - 2024-07-08T10:03:34.010Z - Handled FILE-WATCH-CHANGED. Handling time: 0. Response time: 0.
[NX Daemon Server] - 2024-07-08T10:03:34.010Z - Time taken for 'build-project-configs' 13.70279198884964ms
[NX Daemon Server] - 2024-07-08T10:03:35.015Z - [REQUEST]: Client Request for Project Graph Received
[NX Daemon Server] - 2024-07-08T10:03:35.016Z - [REQUEST]: Responding to the client. project-graph
[NX Daemon Server] - 2024-07-08T10:03:35.019Z - Time taken for 'total for creating and serializing project graph' 0.563167005777359ms
[NX Daemon Server] - 2024-07-08T10:03:35.022Z - Done responding to the client project-graph
[NX Daemon Server] - 2024-07-08T10:03:35.022Z - Handled REQUEST_PROJECT_GRAPH. Handling time: 1. Response time: 6.
[NX Daemon Server] - 2024-07-08T10:03:35.027Z - [REQUEST]: Responding to the client. handleContextFileData
[NX Daemon Server] - 2024-07-08T10:03:35.027Z - Done responding to the client handleContextFileData
[NX Daemon Server] - 2024-07-08T10:03:35.028Z - Handled GET_CONTEXT_FILE_DATA. Handling time: 1. Response time: 1.
[NX Daemon Server] - 2024-07-08T10:03:35.029Z - Closed a connection. Number of open connections: 1
[NX Daemon Server] - 2024-07-08T10:03:35.065Z - Closed a connection. Number of open connections: 0
[NX Daemon Server] - 2024-07-08T10:03:35.066Z - Established a connection. Number of open connections: 1
[NX Daemon Server] - 2024-07-08T10:03:35.066Z - Established a connection. Number of open connections: 2
[NX Daemon Server] - 2024-07-08T10:03:35.066Z - Closed a connection. Number of open connections: 1
[NX Daemon Server] - 2024-07-08T10:03:35.067Z - [REQUEST]: Client Request for Project Graph Received
[NX Daemon Server] - 2024-07-08T10:03:35.067Z - [REQUEST]: Responding to the client. project-graph
[NX Daemon Server] - 2024-07-08T10:03:35.070Z - Time taken for 'total for creating and serializing project graph' 0.4975000023841858ms
[NX Daemon Server] - 2024-07-08T10:03:35.072Z - Done responding to the client project-graph
[NX Daemon Server] - 2024-07-08T10:03:35.072Z - Handled REQUEST_PROJECT_GRAPH. Handling time: 0. Response time: 5.
[NX Daemon Server] - 2024-07-08T10:03:35.075Z - [REQUEST]: Client Request for Project Graph Received
[NX Daemon Server] - 2024-07-08T10:03:35.076Z - [REQUEST]: Responding to the client. project-graph
[NX Daemon Server] - 2024-07-08T10:03:35.078Z - Time taken for 'total for creating and serializing project graph' 0.3360000252723694ms
[NX Daemon Server] - 2024-07-08T10:03:35.079Z - Done responding to the client project-graph
[NX Daemon Server] - 2024-07-08T10:03:35.080Z - Handled REQUEST_PROJECT_GRAPH. Handling time: 1. Response time: 4.
[NX Daemon Server] - 2024-07-08T10:03:35.084Z - Established a connection. Number of open connections: 2
[NX Daemon Server] - 2024-07-08T10:03:37.829Z - [WATCHER]: Processing file changes in outputs
[NX Daemon Server] - 2024-07-08T10:03:38.366Z - [WATCHER]: Processing file changes in outputs
[NX Daemon Server] - 2024-07-08T10:03:39.010Z - [WATCHER]: Processing file changes in outputs
[NX Daemon Server] - 2024-07-08T10:03:39.062Z - [WATCHER]: Processing file changes in outputs
[NX Daemon Server] - 2024-07-08T10:03:39.137Z - [WATCHER]: Processing file changes in outputs
[NX Daemon Server] - 2024-07-08T10:03:39.189Z - [WATCHER]: Processing file changes in outputs
[NX Daemon Server] - 2024-07-08T10:03:39.243Z - [WATCHER]: Processing file changes in outputs
[NX Daemon Server] - 2024-07-08T10:03:39.296Z - [WATCHER]: Processing file changes in outputs
[NX Daemon Server] - 2024-07-08T10:03:39.347Z - [WATCHER]: Processing file changes in outputs
[NX Daemon Server] - 2024-07-08T10:03:39.399Z - [WATCHER]: Processing file changes in outputs
[NX Daemon Server] - 2024-07-08T10:03:39.454Z - [WATCHER]: Processing file changes in outputs
[NX Daemon Server] - 2024-07-08T10:03:39.507Z - [WATCHER]: Processing file changes in outputs
[NX Daemon Server] - 2024-07-08T10:03:39.560Z - [WATCHER]: Processing file changes in outputs
[NX Daemon Server] - 2024-07-08T10:03:39.611Z - [WATCHER]: Processing file changes in outputs
[NX Daemon Server] - 2024-07-08T10:03:39.673Z - [WATCHER]: Processing file changes in outputs
[NX Daemon Server] - 2024-07-08T10:03:39.838Z - [WATCHER]: Processing file changes in outputs
[NX Daemon Server] - 2024-07-08T10:03:40.819Z - [WATCHER]: Processing file changes in outputs
[NX Daemon Server] - 2024-07-08T10:03:40.933Z - [WATCHER]: Processing file changes in outputs
[NX Daemon Server] - 2024-07-08T10:03:41.014Z - [WATCHER]: Processing file changes in outputs
[NX Daemon Server] - 2024-07-08T10:03:41.169Z - [WATCHER]: Processing file changes in outputs
[NX Daemon Server] - 2024-07-08T10:03:41.245Z - [WATCHER]: Processing file changes in outputs
[NX Daemon Server] - 2024-07-08T10:03:41.396Z - [WATCHER]: Processing file changes in outputs
[NX Daemon Server] - 2024-07-08T10:03:41.450Z - [WATCHER]: Processing file changes in outputs
[NX Daemon Server] - 2024-07-08T10:03:41.501Z - [WATCHER]: Processing file changes in outputs
[NX Daemon Server] - 2024-07-08T10:03:41.554Z - [WATCHER]: Processing file changes in outputs
[NX Daemon Server] - 2024-07-08T10:03:41.610Z - [WATCHER]: Processing file changes in outputs
[NX Daemon Server] - 2024-07-08T10:03:41.663Z - [WATCHER]: Processing file changes in outputs
[NX Daemon Server] - 2024-07-08T10:03:41.715Z - [WATCHER]: Processing file changes in outputs
[NX Daemon Server] - 2024-07-08T10:03:41.768Z - [WATCHER]: Processing file changes in outputs
[NX Daemon Server] - 2024-07-08T10:03:41.820Z - [WATCHER]: Processing file changes in outputs
[NX Daemon Server] - 2024-07-08T10:03:41.878Z - [WATCHER]: Processing file changes in outputs
[NX Daemon Server] - 2024-07-08T10:03:41.930Z - [WATCHER]: Processing file changes in outputs
[NX Daemon Server] - 2024-07-08T10:03:41.983Z - [WATCHER]: Processing file changes in outputs
[NX Daemon Server] - 2024-07-08T10:03:42.036Z - [WATCHER]: Processing file changes in outputs
[NX Daemon Server] - 2024-07-08T10:04:05.161Z - [WATCHER]: apps/api-service/project.json was created or restored
[NX Daemon Server] - 2024-07-08T10:04:05.161Z - [WATCHER]: Processing file changes in outputs
[NX Daemon Server] - 2024-07-08T10:04:05.262Z - [REQUEST]: Updated workspace context based on watched changes, recomputing project graph...
[NX Daemon Server] - 2024-07-08T10:04:05.262Z - [REQUEST]: apps/api-service/project.json
[NX Daemon Server] - 2024-07-08T10:04:05.262Z - [REQUEST]: 
[NX Daemon Server] - 2024-07-08T10:04:05.276Z - Time taken for 'hash changed files from watcher' 0.3840000033378601ms
[NX Daemon Server] - 2024-07-08T10:04:05.363Z - [REQUEST]: Responding to the client. File watch changed
[NX Daemon Server] - 2024-07-08T10:04:05.363Z - Done responding to the client File watch changed
[NX Daemon Server] - 2024-07-08T10:04:05.363Z - Handled FILE-WATCH-CHANGED. Handling time: 0. Response time: 0.
[NX Daemon Server] - 2024-07-08T10:04:05.363Z - Time taken for 'build-project-configs' 14.497124999761581ms
[NX Daemon Server] - 2024-07-08T10:04:06.366Z - [REQUEST]: Client Request for Project Graph Received
[NX Daemon Server] - 2024-07-08T10:04:06.366Z - [REQUEST]: Responding to the client. project-graph
[NX Daemon Server] - 2024-07-08T10:04:06.367Z - Time taken for 'total for creating and serializing project graph' 0.13470900058746338ms
[NX Daemon Server] - 2024-07-08T10:04:06.369Z - Done responding to the client project-graph
[NX Daemon Server] - 2024-07-08T10:04:06.369Z - Handled REQUEST_PROJECT_GRAPH. Handling time: 0. Response time: 3.
[NX Daemon Server] - 2024-07-08T10:04:06.373Z - [REQUEST]: Responding to the client. handleContextFileData
[NX Daemon Server] - 2024-07-08T10:04:06.373Z - Done responding to the client handleContextFileData
[NX Daemon Server] - 2024-07-08T10:04:06.373Z - Handled GET_CONTEXT_FILE_DATA. Handling time: 0. Response time: 0.
[NX Daemon Server] - 2024-07-08T10:04:06.374Z - Closed a connection. Number of open connections: 1
[NX Daemon Server] - 2024-07-08T10:04:06.379Z - Closed a connection. Number of open connections: 0
[NX Daemon Server] - 2024-07-08T10:04:06.379Z - Established a connection. Number of open connections: 1
[NX Daemon Server] - 2024-07-08T10:04:06.379Z - Established a connection. Number of open connections: 2
[NX Daemon Server] - 2024-07-08T10:04:06.379Z - Closed a connection. Number of open connections: 1
[NX Daemon Server] - 2024-07-08T10:04:06.380Z - [REQUEST]: Client Request for Project Graph Received
[NX Daemon Server] - 2024-07-08T10:04:06.380Z - [REQUEST]: Responding to the client. project-graph
[NX Daemon Server] - 2024-07-08T10:04:06.381Z - Time taken for 'total for creating and serializing project graph' 0.08408299088478088ms
[NX Daemon Server] - 2024-07-08T10:04:06.382Z - Done responding to the client project-graph
[NX Daemon Server] - 2024-07-08T10:04:06.382Z - Handled REQUEST_PROJECT_GRAPH. Handling time: 0. Response time: 2.
[NX Daemon Server] - 2024-07-08T10:04:06.385Z - [REQUEST]: Client Request for Project Graph Received
[NX Daemon Server] - 2024-07-08T10:04:06.386Z - [REQUEST]: Responding to the client. project-graph
[NX Daemon Server] - 2024-07-08T10:04:06.387Z - Time taken for 'total for creating and serializing project graph' 0.09650000929832458ms
[NX Daemon Server] - 2024-07-08T10:04:06.388Z - Done responding to the client project-graph
[NX Daemon Server] - 2024-07-08T10:04:06.388Z - Handled REQUEST_PROJECT_GRAPH. Handling time: 1. Response time: 2.
[NX Daemon Server] - 2024-07-08T10:04:06.391Z - Established a connection. Number of open connections: 2
[NX Daemon Server] - 2024-07-08T10:04:07.631Z - [WATCHER]: apps/expire-listings-job/project.json was created or restored
[NX Daemon Server] - 2024-07-08T10:04:07.631Z - [WATCHER]: Processing file changes in outputs
[NX Daemon Server] - 2024-07-08T10:04:07.733Z - [REQUEST]: Updated workspace context based on watched changes, recomputing project graph...
[NX Daemon Server] - 2024-07-08T10:04:07.733Z - [REQUEST]: apps/expire-listings-job/project.json
[NX Daemon Server] - 2024-07-08T10:04:07.733Z - [REQUEST]: 
[NX Daemon Server] - 2024-07-08T10:04:07.746Z - Time taken for 'hash changed files from watcher' 0.3443329930305481ms
[NX Daemon Server] - 2024-07-08T10:04:07.821Z - [REQUEST]: Responding to the client. File watch changed
[NX Daemon Server] - 2024-07-08T10:04:07.821Z - Done responding to the client File watch changed
[NX Daemon Server] - 2024-07-08T10:04:07.821Z - Handled FILE-WATCH-CHANGED. Handling time: 0. Response time: 0.
[NX Daemon Server] - 2024-07-08T10:04:07.821Z - Time taken for 'build-project-configs' 13.81020900607109ms
[NX Daemon Server] - 2024-07-08T10:04:08.823Z - [REQUEST]: Client Request for Project Graph Received
[NX Daemon Server] - 2024-07-08T10:04:08.824Z - [REQUEST]: Responding to the client. project-graph
[NX Daemon Server] - 2024-07-08T10:04:08.825Z - Time taken for 'total for creating and serializing project graph' 0.14966699481010437ms
[NX Daemon Server] - 2024-07-08T10:04:08.826Z - Done responding to the client project-graph
[NX Daemon Server] - 2024-07-08T10:04:08.826Z - Handled REQUEST_PROJECT_GRAPH. Handling time: 1. Response time: 2.
[NX Daemon Server] - 2024-07-08T10:04:08.829Z - [REQUEST]: Responding to the client. handleContextFileData
[NX Daemon Server] - 2024-07-08T10:04:08.829Z - Done responding to the client handleContextFileData
[NX Daemon Server] - 2024-07-08T10:04:08.829Z - Handled GET_CONTEXT_FILE_DATA. Handling time: 1. Response time: 0.
[NX Daemon Server] - 2024-07-08T10:04:08.830Z - Closed a connection. Number of open connections: 1
[NX Daemon Server] - 2024-07-08T10:04:08.833Z - Closed a connection. Number of open connections: 0
[NX Daemon Server] - 2024-07-08T10:04:08.833Z - Established a connection. Number of open connections: 1
[NX Daemon Server] - 2024-07-08T10:04:08.833Z - Established a connection. Number of open connections: 2
[NX Daemon Server] - 2024-07-08T10:04:08.833Z - Closed a connection. Number of open connections: 1
[NX Daemon Server] - 2024-07-08T10:04:08.833Z - [REQUEST]: Client Request for Project Graph Received
[NX Daemon Server] - 2024-07-08T10:04:08.834Z - [REQUEST]: Responding to the client. project-graph
[NX Daemon Server] - 2024-07-08T10:04:08.835Z - Time taken for 'total for creating and serializing project graph' 0.07833400368690491ms
[NX Daemon Server] - 2024-07-08T10:04:08.836Z - Done responding to the client project-graph
[NX Daemon Server] - 2024-07-08T10:04:08.836Z - Handled REQUEST_PROJECT_GRAPH. Handling time: 1. Response time: 2.
[NX Daemon Server] - 2024-07-08T10:04:08.839Z - [REQUEST]: Client Request for Project Graph Received
[NX Daemon Server] - 2024-07-08T10:04:08.839Z - [REQUEST]: Responding to the client. project-graph
[NX Daemon Server] - 2024-07-08T10:04:08.840Z - Time taken for 'total for creating and serializing project graph' 0.23925000429153442ms
[NX Daemon Server] - 2024-07-08T10:04:08.841Z - Done responding to the client project-graph
[NX Daemon Server] - 2024-07-08T10:04:08.841Z - Handled REQUEST_PROJECT_GRAPH. Handling time: 0. Response time: 2.
[NX Daemon Server] - 2024-07-08T10:04:08.843Z - Established a connection. Number of open connections: 2
[NX Daemon Server] - 2024-07-08T10:04:11.460Z - [WATCHER]: apps/subscriptions-job/project.json was created or restored
[NX Daemon Server] - 2024-07-08T10:04:11.460Z - [WATCHER]: Processing file changes in outputs
[NX Daemon Server] - 2024-07-08T10:04:11.561Z - [REQUEST]: Updated workspace context based on watched changes, recomputing project graph...
[NX Daemon Server] - 2024-07-08T10:04:11.561Z - [REQUEST]: apps/subscriptions-job/project.json
[NX Daemon Server] - 2024-07-08T10:04:11.561Z - [REQUEST]: 
[NX Daemon Server] - 2024-07-08T10:04:11.574Z - Time taken for 'hash changed files from watcher' 0.37049999833106995ms
[NX Daemon Server] - 2024-07-08T10:04:11.660Z - [REQUEST]: Responding to the client. File watch changed
[NX Daemon Server] - 2024-07-08T10:04:11.660Z - Done responding to the client File watch changed
[NX Daemon Server] - 2024-07-08T10:04:11.660Z - Handled FILE-WATCH-CHANGED. Handling time: 0. Response time: 0.
[NX Daemon Server] - 2024-07-08T10:04:11.660Z - Time taken for 'build-project-configs' 13.40404200553894ms
[NX Daemon Server] - 2024-07-08T10:04:12.662Z - [REQUEST]: Client Request for Project Graph Received
[NX Daemon Server] - 2024-07-08T10:04:12.662Z - [REQUEST]: Responding to the client. project-graph
[NX Daemon Server] - 2024-07-08T10:04:12.663Z - Time taken for 'total for creating and serializing project graph' 0.1458750069141388ms
[NX Daemon Server] - 2024-07-08T10:04:12.664Z - Done responding to the client project-graph
[NX Daemon Server] - 2024-07-08T10:04:12.664Z - Handled REQUEST_PROJECT_GRAPH. Handling time: 0. Response time: 2.
[NX Daemon Server] - 2024-07-08T10:04:12.667Z - [REQUEST]: Responding to the client. handleContextFileData
[NX Daemon Server] - 2024-07-08T10:04:12.667Z - Done responding to the client handleContextFileData
[NX Daemon Server] - 2024-07-08T10:04:12.667Z - Handled GET_CONTEXT_FILE_DATA. Handling time: 0. Response time: 0.
[NX Daemon Server] - 2024-07-08T10:04:12.668Z - Closed a connection. Number of open connections: 1
[NX Daemon Server] - 2024-07-08T10:04:12.670Z - Closed a connection. Number of open connections: 0
[NX Daemon Server] - 2024-07-08T10:04:12.671Z - Established a connection. Number of open connections: 1
[NX Daemon Server] - 2024-07-08T10:04:12.671Z - Established a connection. Number of open connections: 2
[NX Daemon Server] - 2024-07-08T10:04:12.671Z - Closed a connection. Number of open connections: 1
[NX Daemon Server] - 2024-07-08T10:04:12.671Z - [REQUEST]: Client Request for Project Graph Received
[NX Daemon Server] - 2024-07-08T10:04:12.671Z - [REQUEST]: Responding to the client. project-graph
[NX Daemon Server] - 2024-07-08T10:04:12.673Z - Time taken for 'total for creating and serializing project graph' 0.12495800852775574ms
[NX Daemon Server] - 2024-07-08T10:04:12.674Z - Done responding to the client project-graph
[NX Daemon Server] - 2024-07-08T10:04:12.674Z - Handled REQUEST_PROJECT_GRAPH. Handling time: 0. Response time: 3.
[NX Daemon Server] - 2024-07-08T10:04:12.676Z - [REQUEST]: Client Request for Project Graph Received
[NX Daemon Server] - 2024-07-08T10:04:12.676Z - [REQUEST]: Responding to the client. project-graph
[NX Daemon Server] - 2024-07-08T10:04:12.678Z - Time taken for 'total for creating and serializing project graph' 0.10929200053215027ms
[NX Daemon Server] - 2024-07-08T10:04:12.681Z - Done responding to the client project-graph
[NX Daemon Server] - 2024-07-08T10:04:12.681Z - Handled REQUEST_PROJECT_GRAPH. Handling time: 0. Response time: 5.
[NX Daemon Server] - 2024-07-08T10:04:12.684Z - Established a connection. Number of open connections: 2
